2020/10/26-18:07 [main] INFO  com.m.ServerApplication- Starting ServerApplication on DESKTOP-88544KO with PID 8628 (C:\Users\GUSHI\IdeaProjects\spring3\target\classes started by GUSHI in C:\Users\GUSHI\IdeaProjects\spring3)
2020/10/26-18:07 [main] INFO  com.m.ServerApplication- No active profile set, falling back to default profiles: default
2020/10/26-18:07 [main] INFO  org.springframework.boot.web.servlet.context.AnnotationConfigServletWebServerApplicationContext- Refreshing org.springframework.boot.web.servlet.context.AnnotationConfigServletWebServerApplicationContext@7a362b6b: startup date [Mon Oct 26 18:07:36 CST 2020]; root of context hierarchy
2020/10/26-18:07 [main] INFO  org.springframework.boot.web.embedded.tomcat.TomcatWebServer- Tomcat initialized with port(s): 8080 (http)
2020/10/26-18:07 [main] INFO  org.apache.catalina.core.StandardService- Starting service [Tomcat]
2020/10/26-18:07 [main] INFO  org.apache.catalina.core.StandardEngine- Starting Servlet Engine: Apache Tomcat/8.5.35
2020/10/26-18:07 [localhost-startStop-1] INFO  org.apache.catalina.core.AprLifecycleListener- The APR based Apache Tomcat Native library which allows optimal performance in production environments was not found on the java.library.path: [C:\Program Files\Java\jdk1.8.0_221\bin;C:\Windows\Sun\Java\bin;C:\Windows\system32;C:\Windows;C:\Program Files (x86)\NetSarang\Xshell 6\;C:\Program Files (x86)\NetSarang\Xftp 6\;C:\Windows\system32;C:\Windows;C:\Windows\System32\Wbem;C:\Windows\System32\WindowsPowerShell\v1.0\;D:\Program Files\nodejs\;C:\Program Files\Java\jdk1.8.0_221\bin;D:\meaven\apache-maven-3.6.3-bin\apache-maven-3.6.3\bin;C:\Program Files\Git\bin;C:\Program Files\MySQL\MySQL Server 8.0\bin;D:\Program Files (x86)\Rational\common;C:\Program Files\Microsoft SQL Server\130\Tools\Binn\;C:\Users\GUSHI\AppData\Local\Microsoft\WindowsApps;;C:\Users\GUSHI\AppData\Local\Programs\Microsoft VS Code\bin;C:\Users\GUSHI\AppData\Roaming\npm;D:\Program Files\JetBrains\IntelliJ IDEA 2019.3.3\bin;;C:\Users\GUSHI\AppData\Local\Pandoc\;.]
2020/10/26-18:07 [localhost-startStop-1] INFO  org.apache.catalina.core.ContainerBase.[Tomcat].[localhost].[/]- Initializing Spring embedded WebApplicationContext
2020/10/26-18:07 [localhost-startStop-1] INFO  org.springframework.web.context.ContextLoader- Root WebApplicationContext: initialization completed in 11580 ms
2020/10/26-18:07 [localhost-startStop-1] INFO  org.springframework.boot.web.servlet.ServletRegistrationBean- Servlet dispatcherServlet mapped to [/]
2020/10/26-18:07 [localhost-startStop-1] INFO  org.springframework.boot.web.servlet.FilterRegistrationBean- Mapping filter: 'characterEncodingFilter' to: [/*]
2020/10/26-18:07 [localhost-startStop-1] INFO  org.springframework.boot.web.servlet.FilterRegistrationBean- Mapping filter: 'hiddenHttpMethodFilter' to: [/*]
2020/10/26-18:07 [localhost-startStop-1] INFO  org.springframework.boot.web.servlet.FilterRegistrationBean- Mapping filter: 'httpPutFormContentFilter' to: [/*]
2020/10/26-18:07 [localhost-startStop-1] INFO  org.springframework.boot.web.servlet.FilterRegistrationBean- Mapping filter: 'requestContextFilter' to: [/*]
2020/10/26-18:07 [main] INFO  org.springframework.web.servlet.handler.SimpleUrlHandlerMapping- Mapped URL path [/**/favicon.ico] onto handler of type [class org.springframework.web.servlet.resource.ResourceHttpRequestHandler]
2020/10/26-18:07 [main] INFO  org.springframework.web.servlet.mvc.method.annotation.RequestMappingHandlerAdapter- Looking for @ControllerAdvice: org.springframework.boot.web.servlet.context.AnnotationConfigServletWebServerApplicationContext@7a362b6b: startup date [Mon Oct 26 18:07:36 CST 2020]; root of context hierarchy
2020/10/26-18:07 [main] INFO  org.springframework.web.servlet.mvc.method.annotation.RequestMappingHandlerMapping- Mapped "{[/account/redirect/{target}]}" onto public java.lang.String com.m.controller.AccountHandler.redirect(java.lang.String)
2020/10/26-18:07 [main] INFO  org.springframework.web.servlet.mvc.method.annotation.RequestMappingHandlerMapping- Mapped "{[/account/logout],methods=[GET]}" onto public java.lang.String com.m.controller.AccountHandler.logout(javax.servlet.http.HttpSession)
2020/10/26-18:07 [main] INFO  org.springframework.web.servlet.mvc.method.annotation.RequestMappingHandlerMapping- Mapped "{[/account/login],methods=[POST]}" onto public java.lang.String com.m.controller.AccountHandler.login(java.lang.String,java.lang.String,java.lang.String,javax.servlet.http.HttpSession)
2020/10/26-18:07 [main] INFO  org.springframework.web.servlet.mvc.method.annotation.RequestMappingHandlerMapping- Mapped "{[/menu/update],methods=[POST]}" onto public java.lang.String com.m.controller.MenuHandler.update(com.m.entity.Menu)
2020/10/26-18:07 [main] INFO  org.springframework.web.servlet.mvc.method.annotation.RequestMappingHandlerMapping- Mapped "{[/menu/save]}" onto public java.lang.String com.m.controller.MenuHandler.save(com.m.entity.Menu)
2020/10/26-18:07 [main] INFO  org.springframework.web.servlet.mvc.method.annotation.RequestMappingHandlerMapping- Mapped "{[/menu/findById/{id}]}" onto public org.springframework.web.servlet.ModelAndView com.m.controller.MenuHandler.findById(long)
2020/10/26-18:07 [main] INFO  org.springframework.web.servlet.mvc.method.annotation.RequestMappingHandlerMapping- Mapped "{[/menu/deleteById/{id}]}" onto public java.lang.String com.m.controller.MenuHandler.deleteById(long)
2020/10/26-18:07 [main] INFO  org.springframework.web.servlet.mvc.method.annotation.RequestMappingHandlerMapping- Mapped "{[/menu/findAllType]}" onto public java.lang.String com.m.controller.MenuHandler.findAll(org.springframework.ui.Model)
2020/10/26-18:07 [main] INFO  org.springframework.web.servlet.mvc.method.annotation.RequestMappingHandlerMapping- Mapped "{[/menu/findAllMenu]}" onto public com.m.entity.MenuVO com.m.controller.MenuHandler.findAll(int,int)
2020/10/26-18:07 [main] INFO  org.springframework.web.servlet.mvc.method.annotation.RequestMappingHandlerMapping- Mapped "{[/order/save/{mid}],methods=[GET]}" onto public java.lang.String com.m.controller.OrderHandler.save(long,javax.servlet.http.HttpSession)
2020/10/26-18:07 [main] INFO  org.springframework.web.servlet.mvc.method.annotation.RequestMappingHandlerMapping- Mapped "{[/order/updateState/{id}/{state}]}" onto public java.lang.String com.m.controller.OrderHandler.updateState(long,int,javax.servlet.http.HttpSession)
2020/10/26-18:07 [main] INFO  org.springframework.web.servlet.mvc.method.annotation.RequestMappingHandlerMapping- Mapped "{[/order/findAllByUid]}" onto public com.m.entity.OrderVO com.m.controller.OrderHandler.findAllByUid(int,int,javax.servlet.http.HttpSession)
2020/10/26-18:07 [main] INFO  org.springframework.web.servlet.mvc.method.annotation.RequestMappingHandlerMapping- Mapped "{[/order/deleteByMid/{mid}]}" onto public void com.m.controller.OrderHandler.deleteByMid(long)
2020/10/26-18:07 [main] INFO  org.springframework.web.servlet.mvc.method.annotation.RequestMappingHandlerMapping- Mapped "{[/order/findAllByState]}" onto public com.m.entity.OrderVO com.m.controller.OrderHandler.findAllByState(int,int)
2020/10/26-18:07 [main] INFO  org.springframework.web.servlet.mvc.method.annotation.RequestMappingHandlerMapping- Mapped "{[/order/deleteByUid/{uid}]}" onto public void com.m.controller.OrderHandler.deleteByUid(long)
2020/10/26-18:07 [main] INFO  org.springframework.web.servlet.mvc.method.annotation.RequestMappingHandlerMapping- Mapped "{[/user/update]}" onto public java.lang.String com.m.controller.UserHandler.update(com.m.entity.User)
2020/10/26-18:07 [main] INFO  org.springframework.web.servlet.mvc.method.annotation.RequestMappingHandlerMapping- Mapped "{[/user/save]}" onto public java.lang.String com.m.controller.UserHandler.save(com.m.entity.User)
2020/10/26-18:07 [main] INFO  org.springframework.web.servlet.mvc.method.annotation.RequestMappingHandlerMapping- Mapped "{[/user/deleteById/{id}]}" onto public java.lang.String com.m.controller.UserHandler.deleteById(long)
2020/10/26-18:07 [main] INFO  org.springframework.web.servlet.mvc.method.annotation.RequestMappingHandlerMapping- Mapped "{[/user/findAll]}" onto public com.m.entity.UserVO com.m.controller.UserHandler.findAll(int,int)
2020/10/26-18:07 [main] INFO  org.springframework.web.servlet.mvc.method.annotation.RequestMappingHandlerMapping- Mapped "{[/error]}" onto public org.springframework.http.ResponseEntity<java.util.Map<java.lang.String, java.lang.Object>> org.springframework.boot.autoconfigure.web.servlet.error.BasicErrorController.error(javax.servlet.http.HttpServletRequest)
2020/10/26-18:07 [main] INFO  org.springframework.web.servlet.mvc.method.annotation.RequestMappingHandlerMapping- Mapped "{[/error],produces=[text/html]}" onto public org.springframework.web.servlet.ModelAndView org.springframework.boot.autoconfigure.web.servlet.error.BasicErrorController.errorHtml(javax.servlet.http.HttpServletRequest,javax.servlet.http.HttpServletResponse)
2020/10/26-18:07 [main] INFO  org.springframework.web.servlet.handler.SimpleUrlHandlerMapping- Mapped URL path [/webjars/**] onto handler of type [class org.springframework.web.servlet.resource.ResourceHttpRequestHandler]
2020/10/26-18:07 [main] INFO  org.springframework.web.servlet.handler.SimpleUrlHandlerMapping- Mapped URL path [/**] onto handler of type [class org.springframework.web.servlet.resource.ResourceHttpRequestHandler]
2020/10/26-18:07 [main] INFO  org.springframework.jmx.export.annotation.AnnotationMBeanExporter- Registering beans for JMX exposure on startup
2020/10/26-18:07 [main] INFO  org.springframework.jmx.export.annotation.AnnotationMBeanExporter- Bean with name 'dataSource' has been autodetected for JMX exposure
2020/10/26-18:07 [main] INFO  org.springframework.jmx.export.annotation.AnnotationMBeanExporter- Located MBean 'dataSource': registering with JMX server as MBean [com.zaxxer.hikari:name=dataSource,type=HikariDataSource]
2020/10/26-18:07 [main] INFO  org.springframework.boot.web.embedded.tomcat.TomcatWebServer- Tomcat started on port(s): 8080 (http) with context path ''
2020/10/26-18:07 [main] INFO  com.m.ServerApplication- Started ServerApplication in 22.219 seconds (JVM running for 26.292)
